Arguments: 
  E:\Node\nodejs\node.exe C:\Users\asus\AppData\node\npm\node_modules\yarn\bin\yarn.js add babel -D

PATH: 
  C:\Program Files (x86)\Intel\iCLS Client\;C:\Program Files\Intel\iCLS Client\;C:\Windows\system32;C:\Windows;C:\Windows\System32\Wbem;C:\Windows\System32\WindowsPowerShell\v1.0\;C:\Program Files (x86)\Intel\Intel(R) Management Engine Components\DAL;C:\Program Files\Intel\Intel(R) Management Engine Components\DAL;C:\Program Files (x86)\Intel\Intel(R) Management Engine Components\IPT;C:\Program Files\Intel\Intel(R) Management Engine Components\IPT;C:\Program Files (x86)\NVIDIA Corporation\PhysX\Common;E:\Ruby23-x64\bin;E:\Ruby23-x64\bin;E:\Node\nodejs\;C:\Users\asus\AppData\node\nodejs;C:\Users\asus\AppData\node\npm;E:\Git\cmd;C:\Users\asus\AppData\Roaming\npm;C:\AppServ\Apache2.2\bin;C:\AppServ\php5;C:\AppServ\MySQL\bin;C:\Users\asus\AppData\Roaming\npm\node_modules\gulp;E:\Microsoft VS Code\bin

Yarn version: 
  1.3.2

Node version: 
  8.7.0

Platform: 
  win32 x64

npm manifest: 
  {
    "devDependencies": {
      "gulp-webserver": "^0.9.1",
      "webpack": "^3.10.0",
      "webserver": "^3.1.16"
    }
  }

yarn manifest: 
  No manifest

Lockfile: 
  No lockfile

Trace: 
  Error: ENOENT: no such file or directory, copyfile 'C:\Users\asus\AppData\Local\Yarn\cache\v1\npm-camelcase-2.1.1-7c1d16d679a1bbe59ca02cacecfb011e201f5a1f\index.js' -> 'C:\Users\asus\Desktop\练习\lub\node_modules\camelcase-keys\node_modules\camelcase\index.js'
